2015-09-07 00:34:01 trace :
------------
Array:
from : o841pt2xbvzYYkxAyWXM6B4EC7-o ;
to : gh_1d96b7817eb3 ;
time : 1441557240 ;
type : trace ;
event : LOCATION ;
tousername : gh_1d96b7817eb3 ;
fromusername : o841pt2xbvzYYkxAyWXM6B4EC7-o ;
createtime : 1441557240 ;
msgtype : event ;
latitude : 22.960938 ;
longitude : 113.674744 ;
precision : 1110.000000 ;
location_x : 22.960938 ;
location_y : 113.674744 ;

2015-09-07 00:34:01 params :
------------
Array:
message : Array ;
module : default ;
rule : -1 ;

2015-09-07 00:34:01 response :
------------
Array:
errno : -1 ;
message : Invaild value ;

2015-09-07 00:34:13 trace :
------------
Array:
from : o841pt2xbvzYYkxAyWXM6B4EC7-o ;
to : gh_1d96b7817eb3 ;
time : 1441557253 ;
type : trace ;
event : LOCATION ;
tousername : gh_1d96b7817eb3 ;
fromusername : o841pt2xbvzYYkxAyWXM6B4EC7-o ;
createtime : 1441557253 ;
msgtype : event ;
latitude : 22.960938 ;
longitude : 113.674744 ;
precision : 1110.000000 ;
location_x : 22.960938 ;
location_y : 113.674744 ;

2015-09-07 00:34:13 params :
------------
Array:
message : Array ;
module : default ;
rule : -1 ;

2015-09-07 00:34:13 response :
------------
Array:
errno : -1 ;
message : Invaild value ;

2015-09-07 10:47:00 trace :
------------
Array:
from : o841pt-0vtmA-hLbTW5yY01dhluc ;
to : gh_1d96b7817eb3 ;
time : 1441594020 ;
type : event ;
event : VIEW ;
tousername : gh_1d96b7817eb3 ;
fromusername : o841pt-0vtmA-hLbTW5yY01dhluc ;
createtime : 1441594020 ;
msgtype : event ;
eventkey : http://112.74.195.12/app/index.php?i=3&c=entry&hid=1&do=detail&m=ewei_hotel ;

2015-09-07 10:47:00 params :
------------
Array:
rule : -2 ;
module :  ;
message : Array ;

2015-09-07 10:47:00 response :
------------

2015-09-07 10:47:09 trace :
------------
Array:
from : o841pt-0vtmA-hLbTW5yY01dhluc ;
to : gh_1d96b7817eb3 ;
time : 1441594029 ;
type : event ;
event : VIEW ;
tousername : gh_1d96b7817eb3 ;
fromusername : o841pt-0vtmA-hLbTW5yY01dhluc ;
createtime : 1441594029 ;
msgtype : event ;
eventkey : http://112.74.195.12/app/index.php?i=3&c=entry&hid=1&do=detail&m=ewei_hotel ;

2015-09-07 10:47:09 params :
------------
Array:
rule : -2 ;
module :  ;
message : Array ;

2015-09-07 10:47:09 response :
------------

2015-09-07 10:47:16 trace :
------------
Array:
from : o841pt-0vtmA-hLbTW5yY01dhluc ;
to : gh_1d96b7817eb3 ;
time : 1441594036 ;
type : event ;
event : VIEW ;
tousername : gh_1d96b7817eb3 ;
fromusername : o841pt-0vtmA-hLbTW5yY01dhluc ;
createtime : 1441594036 ;
msgtype : event ;
eventkey : http://112.74.195.12/app/index.php?i=3&c=entry&do=dianjia&m=jufeng_wcy ;

2015-09-07 10:47:16 params :
------------
Array:
rule : -2 ;
module :  ;
message : Array ;

2015-09-07 10:47:16 response :
------------

2015-09-07 10:47:46 trace :
------------
Array:
from : o841pt-0vtmA-hLbTW5yY01dhluc ;
to : gh_1d96b7817eb3 ;
time : 1441594066 ;
type : event ;
event : VIEW ;
tousername : gh_1d96b7817eb3 ;
fromusername : o841pt-0vtmA-hLbTW5yY01dhluc ;
createtime : 1441594066 ;
msgtype : event ;
eventkey : http://112.74.195.12/app/index.php?i=3&c=entry&hid=1&do=detail&m=ewei_hotel ;

2015-09-07 10:47:46 params :
------------
Array:
rule : -2 ;
module :  ;
message : Array ;

2015-09-07 10:47:46 response :
------------

2015-09-07 10:48:18 trace :
------------
Array:
from : o841pt-0vtmA-hLbTW5yY01dhluc ;
to : gh_1d96b7817eb3 ;
time : 1441594098 ;
type : event ;
event : VIEW ;
tousername : gh_1d96b7817eb3 ;
fromusername : o841pt-0vtmA-hLbTW5yY01dhluc ;
createtime : 1441594098 ;
msgtype : event ;
eventkey : http://112.74.195.12/app/index.php?i=3&c=entry&hid=1&do=detail&m=ewei_hotel ;

2015-09-07 10:48:18 params :
------------
Array:
rule : -2 ;
module :  ;
message : Array ;

2015-09-07 10:48:18 response :
------------

2015-09-07 10:49:06 trace :
------------
Array:
from : o841pt-0vtmA-hLbTW5yY01dhluc ;
to : gh_1d96b7817eb3 ;
time : 1441594146 ;
type : trace ;
event : LOCATION ;
tousername : gh_1d96b7817eb3 ;
fromusername : o841pt-0vtmA-hLbTW5yY01dhluc ;
createtime : 1441594146 ;
msgtype : event ;
latitude : 28.758921 ;
longitude : 115.878654 ;
precision : 1090.000000 ;
location_x : 28.758921 ;
location_y : 115.878654 ;

2015-09-07 10:49:06 params :
------------
Array:
message : Array ;
module : default ;
rule : -1 ;

2015-09-07 10:49:06 response :
------------
Array:
errno : -1 ;
message : Invaild value ;

2015-09-07 10:49:09 trace :
------------
Array:
from : o841pt-0vtmA-hLbTW5yY01dhluc ;
to : gh_1d96b7817eb3 ;
time : 1441594149 ;
type : text ;
event :  ;
tousername : gh_1d96b7817eb3 ;
fromusername : o841pt-0vtmA-hLbTW5yY01dhluc ;
createtime : 1441594149 ;
msgtype : text ;
content : 好 ;
msgid : 6191599724269422910 ;
redirection :  ;
source :  ;

2015-09-07 10:49:09 params :
------------
Array:
rule : -2 ;
module :  ;
message : Array ;

2015-09-07 10:49:09 response :
------------

2015-09-07 10:49:30 trace :
------------
Array:
from : o841pt-0vtmA-hLbTW5yY01dhluc ;
to : gh_1d96b7817eb3 ;
time : 1441594170 ;
type : trace ;
event : LOCATION ;
tousername : gh_1d96b7817eb3 ;
fromusername : o841pt-0vtmA-hLbTW5yY01dhluc ;
createtime : 1441594170 ;
msgtype : event ;
latitude : 28.758921 ;
longitude : 115.878654 ;
precision : 1090.000000 ;
location_x : 28.758921 ;
location_y : 115.878654 ;

2015-09-07 10:49:30 params :
------------
Array:
message : Array ;
module : default ;
rule : -1 ;

2015-09-07 10:49:30 response :
------------
Array:
errno : -1 ;
message : Invaild value ;

2015-09-07 10:49:32 trace :
------------
Array:
from : o841pt-0vtmA-hLbTW5yY01dhluc ;
to : gh_1d96b7817eb3 ;
time : 1441594172 ;
type : event ;
event : VIEW ;
tousername : gh_1d96b7817eb3 ;
fromusername : o841pt-0vtmA-hLbTW5yY01dhluc ;
createtime : 1441594172 ;
msgtype : event ;
eventkey : http://120.24.51.49/app/index.php?i=2&c=entry&hid=1&do=detail&m=ewei_hotel ;

2015-09-07 10:49:32 params :
------------
Array:
rule : -2 ;
module :  ;
message : Array ;

2015-09-07 10:49:32 response :
------------

2015-09-07 10:49:36 trace :
------------
Array:
from : o841pt-0vtmA-hLbTW5yY01dhluc ;
to : gh_1d96b7817eb3 ;
time : 1441594176 ;
type : trace ;
event : LOCATION ;
tousername : gh_1d96b7817eb3 ;
fromusername : o841pt-0vtmA-hLbTW5yY01dhluc ;
createtime : 1441594176 ;
msgtype : event ;
latitude : 28.753174 ;
longitude : 115.871803 ;
precision : 1320.000000 ;
location_x : 28.753174 ;
location_y : 115.871803 ;

2015-09-07 10:49:36 params :
------------
Array:
message : Array ;
module : default ;
rule : -1 ;

2015-09-07 10:49:36 response :
------------
Array:
errno : -1 ;
message : Invaild value ;

2015-09-07 10:49:37 trace :
------------
Array:
from : o841pt-0vtmA-hLbTW5yY01dhluc ;
to : gh_1d96b7817eb3 ;
time : 1441594177 ;
type : event ;
event : VIEW ;
tousername : gh_1d96b7817eb3 ;
fromusername : o841pt-0vtmA-hLbTW5yY01dhluc ;
createtime : 1441594177 ;
msgtype : event ;
eventkey : http://120.24.51.49/app/index.php?i=2&c=entry&hid=1&do=detail&m=ewei_hotel ;

2015-09-07 10:49:37 params :
------------
Array:
rule : -2 ;
module :  ;
message : Array ;

2015-09-07 10:49:37 response :
------------

2015-09-07 10:50:04 trace :
------------
Array:
from : o841pt-0vtmA-hLbTW5yY01dhluc ;
to : gh_1d96b7817eb3 ;
time : 1441594204 ;
type : trace ;
event : LOCATION ;
tousername : gh_1d96b7817eb3 ;
fromusername : o841pt-0vtmA-hLbTW5yY01dhluc ;
createtime : 1441594204 ;
msgtype : event ;
latitude : 28.753174 ;
longitude : 115.871803 ;
precision : 1320.000000 ;
location_x : 28.753174 ;
location_y : 115.871803 ;

2015-09-07 10:50:04 params :
------------
Array:
message : Array ;
module : default ;
rule : -1 ;

2015-09-07 10:50:04 response :
------------
Array:
errno : -1 ;
message : Invaild value ;

2015-09-07 10:50:06 trace :
------------
Array:
from : o841pt-0vtmA-hLbTW5yY01dhluc ;
to : gh_1d96b7817eb3 ;
time : 1441594206 ;
type : event ;
event : VIEW ;
tousername : gh_1d96b7817eb3 ;
fromusername : o841pt-0vtmA-hLbTW5yY01dhluc ;
createtime : 1441594206 ;
msgtype : event ;
eventkey : http://120.24.51.49/app/index.php?i=2&c=entry&typeid=0&do=dianjia&m=jufeng_wcy ;

2015-09-07 10:50:06 params :
------------
Array:
rule : -2 ;
module :  ;
message : Array ;

2015-09-07 10:50:06 response :
------------

2015-09-07 10:50:12 trace :
------------
Array:
from : o841pt-0vtmA-hLbTW5yY01dhluc ;
to : gh_1d96b7817eb3 ;
time : 1441594212 ;
type : trace ;
event : LOCATION ;
tousername : gh_1d96b7817eb3 ;
fromusername : o841pt-0vtmA-hLbTW5yY01dhluc ;
createtime : 1441594212 ;
msgtype : event ;
latitude : 28.758921 ;
longitude : 115.878654 ;
precision : 1090.000000 ;
location_x : 28.758921 ;
location_y : 115.878654 ;

2015-09-07 10:50:12 params :
------------
Array:
message : Array ;
module : default ;
rule : -1 ;

2015-09-07 10:50:12 response :
------------
Array:
errno : -1 ;
message : Invaild value ;

2015-09-07 11:46:45 trace :
------------
Array:
from : o841pt-0vtmA-hLbTW5yY01dhluc ;
to : gh_1d96b7817eb3 ;
time : 1441597604 ;
type : trace ;
event : LOCATION ;
tousername : gh_1d96b7817eb3 ;
fromusername : o841pt-0vtmA-hLbTW5yY01dhluc ;
createtime : 1441597604 ;
msgtype : event ;
latitude : 28.760098 ;
longitude : 115.877388 ;
precision : 120.000000 ;
location_x : 28.760098 ;
location_y : 115.877388 ;

2015-09-07 11:46:45 params :
------------
Array:
message : Array ;
module : default ;
rule : -1 ;

2015-09-07 11:46:45 response :
------------
Array:
errno : -1 ;
message : Invaild value ;

2015-09-07 11:46:46 trace :
------------
Array:
from : o841pt-0vtmA-hLbTW5yY01dhluc ;
to : gh_1d96b7817eb3 ;
time : 1441597606 ;
type : event ;
event : VIEW ;
tousername : gh_1d96b7817eb3 ;
fromusername : o841pt-0vtmA-hLbTW5yY01dhluc ;
createtime : 1441597606 ;
msgtype : event ;
eventkey : http://120.24.51.49/app/index.php?i=2&c=entry&hid=1&do=detail&m=ewei_hotel ;

2015-09-07 11:46:46 params :
------------
Array:
rule : -2 ;
module :  ;
message : Array ;

2015-09-07 11:46:46 response :
------------

2015-09-07 11:46:54 trace :
------------
Array:
from : o841pt-0vtmA-hLbTW5yY01dhluc ;
to : gh_1d96b7817eb3 ;
time : 1441597614 ;
type : trace ;
event : LOCATION ;
tousername : gh_1d96b7817eb3 ;
fromusername : o841pt-0vtmA-hLbTW5yY01dhluc ;
createtime : 1441597614 ;
msgtype : event ;
latitude : 28.760098 ;
longitude : 115.877388 ;
precision : 120.000000 ;
location_x : 28.760098 ;
location_y : 115.877388 ;

2015-09-07 11:46:54 params :
------------
Array:
message : Array ;
module : default ;
rule : -1 ;

2015-09-07 11:46:54 response :
------------
Array:
errno : -1 ;
message : Invaild value ;

2015-09-07 13:09:37 trace :
------------
Array:
from : o841pt-0vtmA-hLbTW5yY01dhluc ;
to : gh_1d96b7817eb3 ;
time : 1441602576 ;
type : trace ;
event : LOCATION ;
tousername : gh_1d96b7817eb3 ;
fromusername : o841pt-0vtmA-hLbTW5yY01dhluc ;
createtime : 1441602576 ;
msgtype : event ;
latitude : 28.760843 ;
longitude : 115.877510 ;
precision : 30.000000 ;
location_x : 28.760843 ;
location_y : 115.877510 ;

2015-09-07 13:09:37 params :
------------
Array:
message : Array ;
module : default ;
rule : -1 ;

2015-09-07 13:09:37 response :
------------
Array:
errno : -1 ;
message : Invaild value ;

2015-09-07 13:09:38 trace :
------------
Array:
from : o841pt-0vtmA-hLbTW5yY01dhluc ;
to : gh_1d96b7817eb3 ;
time : 1441602578 ;
type : event ;
event : VIEW ;
tousername : gh_1d96b7817eb3 ;
fromusername : o841pt-0vtmA-hLbTW5yY01dhluc ;
createtime : 1441602578 ;
msgtype : event ;
eventkey : http://120.24.51.49/app/index.php?i=2&c=entry&hid=1&do=detail&m=ewei_hotel ;

2015-09-07 13:09:38 params :
------------
Array:
rule : -2 ;
module :  ;
message : Array ;

2015-09-07 13:09:38 response :
------------

2015-09-07 13:09:45 trace :
------------
Array:
from : o841pt-0vtmA-hLbTW5yY01dhluc ;
to : gh_1d96b7817eb3 ;
time : 1441602585 ;
type : trace ;
event : LOCATION ;
tousername : gh_1d96b7817eb3 ;
fromusername : o841pt-0vtmA-hLbTW5yY01dhluc ;
createtime : 1441602585 ;
msgtype : event ;
latitude : 28.760843 ;
longitude : 115.877510 ;
precision : 30.000000 ;
location_x : 28.760843 ;
location_y : 115.877510 ;

2015-09-07 13:09:45 params :
------------
Array:
message : Array ;
module : default ;
rule : -1 ;

2015-09-07 13:09:45 response :
------------
Array:
errno : -1 ;
message : Invaild value ;

2015-09-07 13:10:41 trace :
------------
Array:
from : o841pt0csVUZCQKJwUlcEBBukqOU ;
to : gh_1d96b7817eb3 ;
time : 1441602641 ;
type : trace ;
event : LOCATION ;
tousername : gh_1d96b7817eb3 ;
fromusername : o841pt0csVUZCQKJwUlcEBBukqOU ;
createtime : 1441602641 ;
msgtype : event ;
latitude : 28.758921 ;
longitude : 115.878654 ;
precision : 1090.000000 ;
location_x : 28.758921 ;
location_y : 115.878654 ;

2015-09-07 13:10:41 params :
------------
Array:
message : Array ;
module : default ;
rule : -1 ;

2015-09-07 13:10:41 response :
------------
Array:
errno : -1 ;
message : Invaild value ;

2015-09-07 13:10:53 trace :
------------
Array:
from : o841pt0csVUZCQKJwUlcEBBukqOU ;
to : gh_1d96b7817eb3 ;
time : 1441602653 ;
type : event ;
event : VIEW ;
tousername : gh_1d96b7817eb3 ;
fromusername : o841pt0csVUZCQKJwUlcEBBukqOU ;
createtime : 1441602653 ;
msgtype : event ;
eventkey : http://120.24.51.49/app/index.php?i=2&c=entry&hid=1&do=detail&m=ewei_hotel ;

2015-09-07 13:10:53 params :
------------
Array:
rule : -2 ;
module :  ;
message : Array ;

2015-09-07 13:10:53 response :
------------

2015-09-07 13:11:00 trace :
------------
Array:
from : o841pt-0vtmA-hLbTW5yY01dhluc ;
to : gh_1d96b7817eb3 ;
time : 1441602660 ;
type : event ;
event : VIEW ;
tousername : gh_1d96b7817eb3 ;
fromusername : o841pt-0vtmA-hLbTW5yY01dhluc ;
createtime : 1441602660 ;
msgtype : event ;
eventkey : http://120.24.51.49/app/index.php?i=2&c=entry&hid=1&do=detail&m=ewei_hotel ;

2015-09-07 13:11:00 params :
------------
Array:
rule : -2 ;
module :  ;
message : Array ;

2015-09-07 13:11:00 response :
------------

2015-09-07 13:11:01 trace :
------------
Array:
from : o841pt0csVUZCQKJwUlcEBBukqOU ;
to : gh_1d96b7817eb3 ;
time : 1441602661 ;
type : trace ;
event : LOCATION ;
tousername : gh_1d96b7817eb3 ;
fromusername : o841pt0csVUZCQKJwUlcEBBukqOU ;
createtime : 1441602661 ;
msgtype : event ;
latitude : 28.758921 ;
longitude : 115.878654 ;
precision : 1090.000000 ;
location_x : 28.758921 ;
location_y : 115.878654 ;

2015-09-07 13:11:01 params :
------------
Array:
message : Array ;
module : default ;
rule : -1 ;

2015-09-07 13:11:01 response :
------------
Array:
errno : -1 ;
message : Invaild value ;

2015-09-07 13:11:06 trace :
------------
Array:
from : o841pt0csVUZCQKJwUlcEBBukqOU ;
to : gh_1d96b7817eb3 ;
time : 1441602665 ;
type : event ;
event : VIEW ;
tousername : gh_1d96b7817eb3 ;
fromusername : o841pt0csVUZCQKJwUlcEBBukqOU ;
createtime : 1441602665 ;
msgtype : event ;
eventkey : http://120.24.51.49/app/index.php?i=2&c=entry&typeid=0&do=dianjia&m=jufeng_wcy ;

2015-09-07 13:11:06 params :
------------
Array:
rule : -2 ;
module :  ;
message : Array ;

2015-09-07 13:11:06 response :
------------

2015-09-07 13:11:08 trace :
------------
Array:
from : o841pt0csVUZCQKJwUlcEBBukqOU ;
to : gh_1d96b7817eb3 ;
time : 1441602668 ;
type : trace ;
event : LOCATION ;
tousername : gh_1d96b7817eb3 ;
fromusername : o841pt0csVUZCQKJwUlcEBBukqOU ;
createtime : 1441602668 ;
msgtype : event ;
latitude : 28.758921 ;
longitude : 115.878654 ;
precision : 1090.000000 ;
location_x : 28.758921 ;
location_y : 115.878654 ;

2015-09-07 13:11:08 params :
------------
Array:
message : Array ;
module : default ;
rule : -1 ;

2015-09-07 13:11:08 response :
------------
Array:
errno : -1 ;
message : Invaild value ;

2015-09-07 13:16:44 trace :
------------
Array:
from : o841pt-0vtmA-hLbTW5yY01dhluc ;
to : gh_1d96b7817eb3 ;
time : 1441603003 ;
type : trace ;
event : LOCATION ;
tousername : gh_1d96b7817eb3 ;
fromusername : o841pt-0vtmA-hLbTW5yY01dhluc ;
createtime : 1441603003 ;
msgtype : event ;
latitude : 28.752666 ;
longitude : 115.876602 ;
precision : 1220.000000 ;
location_x : 28.752666 ;
location_y : 115.876602 ;

2015-09-07 13:16:44 params :
------------
Array:
message : Array ;
module : default ;
rule : -1 ;

2015-09-07 13:16:44 response :
------------
Array:
errno : -1 ;
message : Invaild value ;

2015-09-07 13:16:59 trace :
------------
Array:
from : o841pt0csVUZCQKJwUlcEBBukqOU ;
to : gh_1d96b7817eb3 ;
time : 1441603019 ;
type : trace ;
event : LOCATION ;
tousername : gh_1d96b7817eb3 ;
fromusername : o841pt0csVUZCQKJwUlcEBBukqOU ;
createtime : 1441603019 ;
msgtype : event ;
latitude : 28.758921 ;
longitude : 115.878654 ;
precision : 1090.000000 ;
location_x : 28.758921 ;
location_y : 115.878654 ;

2015-09-07 13:16:59 params :
------------
Array:
message : Array ;
module : default ;
rule : -1 ;

2015-09-07 13:16:59 response :
------------
Array:
errno : -1 ;
message : Invaild value ;

2015-09-07 13:17:01 trace :
------------
Array:
from : o841pt0csVUZCQKJwUlcEBBukqOU ;
to : gh_1d96b7817eb3 ;
time : 1441603021 ;
type : event ;
event : VIEW ;
tousername : gh_1d96b7817eb3 ;
fromusername : o841pt0csVUZCQKJwUlcEBBukqOU ;
createtime : 1441603021 ;
msgtype : event ;
eventkey : http://120.24.51.49/app/index.php?i=2&c=entry&hid=1&do=detail&m=ewei_hotel ;

2015-09-07 13:17:01 params :
------------
Array:
rule : -2 ;
module :  ;
message : Array ;

2015-09-07 13:17:01 response :
------------

2015-09-07 13:17:36 trace :
------------
Array:
from : o841pt-0vtmA-hLbTW5yY01dhluc ;
to : gh_1d96b7817eb3 ;
time : 1441603056 ;
type : trace ;
event : LOCATION ;
tousername : gh_1d96b7817eb3 ;
fromusername : o841pt-0vtmA-hLbTW5yY01dhluc ;
createtime : 1441603056 ;
msgtype : event ;
latitude : 28.752666 ;
longitude : 115.876602 ;
precision : 1220.000000 ;
location_x : 28.752666 ;
location_y : 115.876602 ;

2015-09-07 13:17:36 params :
------------
Array:
message : Array ;
module : default ;
rule : -1 ;

2015-09-07 13:17:36 response :
------------
Array:
errno : -1 ;
message : Invaild value ;

2015-09-07 13:17:40 trace :
------------
Array:
from : o841pt-0vtmA-hLbTW5yY01dhluc ;
to : gh_1d96b7817eb3 ;
time : 1441603059 ;
type : event ;
event : VIEW ;
tousername : gh_1d96b7817eb3 ;
fromusername : o841pt-0vtmA-hLbTW5yY01dhluc ;
createtime : 1441603059 ;
msgtype : event ;
eventkey : http://120.24.51.49/app/index.php?i=2&c=entry&hid=1&do=detail&m=ewei_hotel ;

2015-09-07 13:17:40 params :
------------
Array:
rule : -2 ;
module :  ;
message : Array ;

2015-09-07 13:17:40 response :
------------

2015-09-07 13:19:26 trace :
------------
Array:
from : o841pt-0vtmA-hLbTW5yY01dhluc ;
to : gh_1d96b7817eb3 ;
time : 1441603166 ;
type : trace ;
event : LOCATION ;
tousername : gh_1d96b7817eb3 ;
fromusername : o841pt-0vtmA-hLbTW5yY01dhluc ;
createtime : 1441603166 ;
msgtype : event ;
latitude : 28.752666 ;
longitude : 115.876602 ;
precision : 1220.000000 ;
location_x : 28.752666 ;
location_y : 115.876602 ;

2015-09-07 13:19:26 params :
------------
Array:
message : Array ;
module : default ;
rule : -1 ;

2015-09-07 13:19:26 response :
------------
Array:
errno : -1 ;
message : Invaild value ;

2015-09-07 13:19:30 trace :
------------
Array:
from : o841pt-0vtmA-hLbTW5yY01dhluc ;
to : gh_1d96b7817eb3 ;
time : 1441603170 ;
type : event ;
event : VIEW ;
tousername : gh_1d96b7817eb3 ;
fromusername : o841pt-0vtmA-hLbTW5yY01dhluc ;
createtime : 1441603170 ;
msgtype : event ;
eventkey : http://120.24.51.49/app/index.php?i=2&c=entry&hid=1&do=detail&m=ewei_hotel ;

2015-09-07 13:19:30 params :
------------
Array:
rule : -2 ;
module :  ;
message : Array ;

2015-09-07 13:19:30 response :
------------

2015-09-07 13:19:35 trace :
------------
Array:
from : o841pt-0vtmA-hLbTW5yY01dhluc ;
to : gh_1d96b7817eb3 ;
time : 1441603174 ;
type : trace ;
event : LOCATION ;
tousername : gh_1d96b7817eb3 ;
fromusername : o841pt-0vtmA-hLbTW5yY01dhluc ;
createtime : 1441603174 ;
msgtype : event ;
latitude : 28.753174 ;
longitude : 115.871803 ;
precision : 1320.000000 ;
location_x : 28.753174 ;
location_y : 115.871803 ;

2015-09-07 13:19:35 params :
------------
Array:
message : Array ;
module : default ;
rule : -1 ;

2015-09-07 13:19:35 response :
------------
Array:
errno : -1 ;
message : Invaild value ;

2015-09-07 13:19:35 trace :
------------
Array:
from : o841pt-0vtmA-hLbTW5yY01dhluc ;
to : gh_1d96b7817eb3 ;
time : 1441603175 ;
type : event ;
event : VIEW ;
tousername : gh_1d96b7817eb3 ;
fromusername : o841pt-0vtmA-hLbTW5yY01dhluc ;
createtime : 1441603175 ;
msgtype : event ;
eventkey : http://120.24.51.49/app/index.php?i=2&c=entry&typeid=0&do=dianjia&m=jufeng_wcy ;

2015-09-07 13:19:35 params :
------------
Array:
rule : -2 ;
module :  ;
message : Array ;

2015-09-07 13:19:35 response :
------------

2015-09-07 13:19:40 trace :
------------
Array:
from : o841pt-0vtmA-hLbTW5yY01dhluc ;
to : gh_1d96b7817eb3 ;
time : 1441603180 ;
type : trace ;
event : LOCATION ;
tousername : gh_1d96b7817eb3 ;
fromusername : o841pt-0vtmA-hLbTW5yY01dhluc ;
createtime : 1441603180 ;
msgtype : event ;
latitude : 28.753174 ;
longitude : 115.871803 ;
precision : 1320.000000 ;
location_x : 28.753174 ;
location_y : 115.871803 ;

2015-09-07 13:19:40 params :
------------
Array:
message : Array ;
module : default ;
rule : -1 ;

2015-09-07 13:19:40 response :
------------
Array:
errno : -1 ;
message : Invaild value ;

2015-09-07 13:20:01 trace :
------------
Array:
from : o841pt-0vtmA-hLbTW5yY01dhluc ;
to : gh_1d96b7817eb3 ;
time : 1441603201 ;
type : trace ;
event : LOCATION ;
tousername : gh_1d96b7817eb3 ;
fromusername : o841pt-0vtmA-hLbTW5yY01dhluc ;
createtime : 1441603201 ;
msgtype : event ;
latitude : 28.753174 ;
longitude : 115.871803 ;
precision : 1320.000000 ;
location_x : 28.753174 ;
location_y : 115.871803 ;

2015-09-07 13:20:01 params :
------------
Array:
message : Array ;
module : default ;
rule : -1 ;

2015-09-07 13:20:01 response :
------------
Array:
errno : -1 ;
message : Invaild value ;

2015-09-07 13:20:06 trace :
------------
Array:
from : o841pt-0vtmA-hLbTW5yY01dhluc ;
to : gh_1d96b7817eb3 ;
time : 1441603206 ;
type : text ;
event :  ;
tousername : gh_1d96b7817eb3 ;
fromusername : o841pt-0vtmA-hLbTW5yY01dhluc ;
createtime : 1441603206 ;
msgtype : text ;
content : 微酒店 ;
msgid : 6191638623788225080 ;
redirection :  ;
source :  ;

2015-09-07 13:20:06 params :
------------
Array:
message : Array ;
module : cover ;
rule : 9 ;
priority : 0 ;
keyword : Array ;

2015-09-07 13:20:06 response :
------------
Array:
FromUserName : gh_1d96b7817eb3 ;
ToUserName : o841pt-0vtmA-hLbTW5yY01dhluc ;
MsgType : news ;
ArticleCount : 1 ;
Articles : Array ;

2015-09-07 13:20:18 trace :
------------
Array:
from : o841pt-0vtmA-hLbTW5yY01dhluc ;
to : gh_1d96b7817eb3 ;
time : 1441603218 ;
type : trace ;
event : LOCATION ;
tousername : gh_1d96b7817eb3 ;
fromusername : o841pt-0vtmA-hLbTW5yY01dhluc ;
createtime : 1441603218 ;
msgtype : event ;
latitude : 28.753174 ;
longitude : 115.871803 ;
precision : 1320.000000 ;
location_x : 28.753174 ;
location_y : 115.871803 ;

2015-09-07 13:20:18 params :
------------
Array:
message : Array ;
module : default ;
rule : -1 ;

2015-09-07 13:20:18 response :
------------
Array:
errno : -1 ;
message : Invaild value ;

2015-09-07 13:20:31 trace :
------------
Array:
from : o841pt0csVUZCQKJwUlcEBBukqOU ;
to : gh_1d96b7817eb3 ;
time : 1441603231 ;
type : trace ;
event : LOCATION ;
tousername : gh_1d96b7817eb3 ;
fromusername : o841pt0csVUZCQKJwUlcEBBukqOU ;
createtime : 1441603231 ;
msgtype : event ;
latitude : 28.758921 ;
longitude : 115.878654 ;
precision : 1090.000000 ;
location_x : 28.758921 ;
location_y : 115.878654 ;

2015-09-07 13:20:31 params :
------------
Array:
message : Array ;
module : default ;
rule : -1 ;

2015-09-07 13:20:31 response :
------------
Array:
errno : -1 ;
message : Invaild value ;

2015-09-07 13:21:49 trace :
------------
Array:
from : o841pt-0vtmA-hLbTW5yY01dhluc ;
to : gh_1d96b7817eb3 ;
time : 1441603309 ;
type : trace ;
event : LOCATION ;
tousername : gh_1d96b7817eb3 ;
fromusername : o841pt-0vtmA-hLbTW5yY01dhluc ;
createtime : 1441603309 ;
msgtype : event ;
latitude : 28.753174 ;
longitude : 115.871803 ;
precision : 1320.000000 ;
location_x : 28.753174 ;
location_y : 115.871803 ;

2015-09-07 13:21:49 params :
------------
Array:
message : Array ;
module : default ;
rule : -1 ;

2015-09-07 13:21:49 response :
------------
Array:
errno : -1 ;
message : Invaild value ;

2015-09-07 13:22:01 trace :
------------
Array:
from : o841pt-0vtmA-hLbTW5yY01dhluc ;
to : gh_1d96b7817eb3 ;
time : 1441603321 ;
type : trace ;
event : LOCATION ;
tousername : gh_1d96b7817eb3 ;
fromusername : o841pt-0vtmA-hLbTW5yY01dhluc ;
createtime : 1441603321 ;
msgtype : event ;
latitude : 28.758921 ;
longitude : 115.878654 ;
precision : 1090.000000 ;
location_x : 28.758921 ;
location_y : 115.878654 ;

2015-09-07 13:22:01 params :
------------
Array:
message : Array ;
module : default ;
rule : -1 ;

2015-09-07 13:22:01 response :
------------
Array:
errno : -1 ;
message : Invaild value ;

2015-09-07 13:22:21 trace :
------------
Array:
from : o841pt-0vtmA-hLbTW5yY01dhluc ;
to : gh_1d96b7817eb3 ;
time : 1441603341 ;
type : text ;
event :  ;
tousername : gh_1d96b7817eb3 ;
fromusername : o841pt-0vtmA-hLbTW5yY01dhluc ;
createtime : 1441603341 ;
msgtype : text ;
content : 足浴 ;
msgid : 6191639203608810077 ;
redirection :  ;
source :  ;

2015-09-07 13:22:21 params :
------------
Array:
message : Array ;
module : cover ;
rule : 11 ;
priority : 0 ;
keyword : Array ;

2015-09-07 13:22:21 response :
------------
Array:
FromUserName : gh_1d96b7817eb3 ;
ToUserName : o841pt-0vtmA-hLbTW5yY01dhluc ;
MsgType : news ;
ArticleCount : 1 ;
Articles : Array ;

2015-09-07 13:22:37 trace :
------------
Array:
from : o841pt-0vtmA-hLbTW5yY01dhluc ;
to : gh_1d96b7817eb3 ;
time : 1441603357 ;
type : trace ;
event : LOCATION ;
tousername : gh_1d96b7817eb3 ;
fromusername : o841pt-0vtmA-hLbTW5yY01dhluc ;
createtime : 1441603357 ;
msgtype : event ;
latitude : 28.758921 ;
longitude : 115.878654 ;
precision : 1090.000000 ;
location_x : 28.758921 ;
location_y : 115.878654 ;

2015-09-07 13:22:37 params :
------------
Array:
message : Array ;
module : default ;
rule : -1 ;

2015-09-07 13:22:37 response :
------------
Array:
errno : -1 ;
message : Invaild value ;

2015-09-07 13:22:45 trace :
------------
Array:
from : o841pt-0vtmA-hLbTW5yY01dhluc ;
to : gh_1d96b7817eb3 ;
time : 1441603365 ;
type : trace ;
event : LOCATION ;
tousername : gh_1d96b7817eb3 ;
fromusername : o841pt-0vtmA-hLbTW5yY01dhluc ;
createtime : 1441603365 ;
msgtype : event ;
latitude : 28.760546 ;
longitude : 115.877274 ;
precision : 90.000000 ;
location_x : 28.760546 ;
location_y : 115.877274 ;

2015-09-07 13:22:45 params :
------------
Array:
message : Array ;
module : default ;
rule : -1 ;

2015-09-07 13:22:45 response :
------------
Array:
errno : -1 ;
message : Invaild value ;

2015-09-07 13:22:49 trace :
------------
Array:
from : o841pt-0vtmA-hLbTW5yY01dhluc ;
to : gh_1d96b7817eb3 ;
time : 1441603369 ;
type : text ;
event :  ;
tousername : gh_1d96b7817eb3 ;
fromusername : o841pt-0vtmA-hLbTW5yY01dhluc ;
createtime : 1441603369 ;
msgtype : text ;
content : 餐饮 ;
msgid : 6191639323867894375 ;
redirection :  ;
source :  ;

2015-09-07 13:22:49 params :
------------
Array:
message : Array ;
module : cover ;
rule : 10 ;
priority : 0 ;
keyword : Array ;

2015-09-07 13:22:49 response :
------------
Array:
FromUserName : gh_1d96b7817eb3 ;
ToUserName : o841pt-0vtmA-hLbTW5yY01dhluc ;
MsgType : news ;
ArticleCount : 1 ;
Articles : Array ;

2015-09-07 13:23:09 trace :
------------
Array:
from : o841pt0csVUZCQKJwUlcEBBukqOU ;
to : gh_1d96b7817eb3 ;
time : 1441603389 ;
type : trace ;
event : LOCATION ;
tousername : gh_1d96b7817eb3 ;
fromusername : o841pt0csVUZCQKJwUlcEBBukqOU ;
createtime : 1441603389 ;
msgtype : event ;
latitude : 28.758921 ;
longitude : 115.878654 ;
precision : 1090.000000 ;
location_x : 28.758921 ;
location_y : 115.878654 ;

2015-09-07 13:23:09 params :
------------
Array:
message : Array ;
module : default ;
rule : -1 ;

2015-09-07 13:23:09 response :
------------
Array:
errno : -1 ;
message : Invaild value ;

2015-09-07 13:23:13 trace :
------------
Array:
from : o841pt0csVUZCQKJwUlcEBBukqOU ;
to : gh_1d96b7817eb3 ;
time : 1441603393 ;
type : text ;
event :  ;
tousername : gh_1d96b7817eb3 ;
fromusername : o841pt0csVUZCQKJwUlcEBBukqOU ;
createtime : 1441603393 ;
msgtype : text ;
content : 酒店 ;
msgid : 6191639426947109485 ;
redirection :  ;
source :  ;

2015-09-07 13:23:13 params :
------------
Array:
message : Array ;
module : cover ;
rule : 9 ;
priority : 0 ;
keyword : Array ;

2015-09-07 13:23:13 response :
------------
Array:
FromUserName : gh_1d96b7817eb3 ;
ToUserName : o841pt0csVUZCQKJwUlcEBBukqOU ;
MsgType : news ;
ArticleCount : 1 ;
Articles : Array ;

2015-09-07 13:23:40 trace :
------------
Array:
from : o841pt-0vtmA-hLbTW5yY01dhluc ;
to : gh_1d96b7817eb3 ;
time : 1441603420 ;
type : trace ;
event : LOCATION ;
tousername : gh_1d96b7817eb3 ;
fromusername : o841pt-0vtmA-hLbTW5yY01dhluc ;
createtime : 1441603420 ;
msgtype : event ;
latitude : 28.760546 ;
longitude : 115.877274 ;
precision : 90.000000 ;
location_x : 28.760546 ;
location_y : 115.877274 ;

2015-09-07 13:23:40 params :
------------
Array:
message : Array ;
module : default ;
rule : -1 ;

2015-09-07 13:23:40 response :
------------
Array:
errno : -1 ;
message : Invaild value ;

2015-09-07 13:32:05 trace :
------------
Array:
from : o841ptyk9PzQBMeJOhizQMZ9kwP8 ;
to : gh_1d96b7817eb3 ;
time : 1441603925 ;
type : event ;
event : subscribe ;
tousername : gh_1d96b7817eb3 ;
fromusername : o841ptyk9PzQBMeJOhizQMZ9kwP8 ;
createtime : 1441603925 ;
msgtype : event ;
eventkey :  ;

2015-09-07 13:32:05 params :
------------
Array:
rule : -2 ;
module :  ;
message : Array ;

2015-09-07 13:32:05 response :
------------

2015-09-07 13:32:11 trace :
------------
Array:
from : o841ptyk9PzQBMeJOhizQMZ9kwP8 ;
to : gh_1d96b7817eb3 ;
time : 1441603931 ;
type : event ;
event : VIEW ;
tousername : gh_1d96b7817eb3 ;
fromusername : o841ptyk9PzQBMeJOhizQMZ9kwP8 ;
createtime : 1441603931 ;
msgtype : event ;
eventkey : http://120.24.51.49/app/index.php?i=2&c=entry&hid=1&do=detail&m=ewei_hotel ;

2015-09-07 13:32:11 params :
------------
Array:
rule : -2 ;
module :  ;
message : Array ;

2015-09-07 13:32:11 response :
------------

2015-09-07 13:32:22 trace :
------------
Array:
from : o841ptyk9PzQBMeJOhizQMZ9kwP8 ;
to : gh_1d96b7817eb3 ;
time : 1441603942 ;
type : text ;
event :  ;
tousername : gh_1d96b7817eb3 ;
fromusername : o841ptyk9PzQBMeJOhizQMZ9kwP8 ;
createtime : 1441603942 ;
msgtype : text ;
content : 酒店 ;
msgid : 6191641784884155155 ;
redirection :  ;
source :  ;

2015-09-07 13:32:22 params :
------------
Array:
message : Array ;
module : cover ;
rule : 9 ;
priority : 0 ;
keyword : Array ;

2015-09-07 13:32:22 response :
------------
Array:
FromUserName : gh_1d96b7817eb3 ;
ToUserName : o841ptyk9PzQBMeJOhizQMZ9kwP8 ;
MsgType : news ;
ArticleCount : 1 ;
Articles : Array ;

2015-09-07 13:33:14 trace :
------------
Array:
from : o841ptyk9PzQBMeJOhizQMZ9kwP8 ;
to : gh_1d96b7817eb3 ;
time : 1441603994 ;
type : text ;
event :  ;
tousername : gh_1d96b7817eb3 ;
fromusername : o841ptyk9PzQBMeJOhizQMZ9kwP8 ;
createtime : 1441603994 ;
msgtype : text ;
content : 餐饮 ;
msgid : 6191642008222454559 ;
redirection :  ;
source :  ;

2015-09-07 13:33:14 params :
------------
Array:
message : Array ;
module : cover ;
rule : 10 ;
priority : 0 ;
keyword : Array ;

2015-09-07 13:33:14 response :
------------
Array:
FromUserName : gh_1d96b7817eb3 ;
ToUserName : o841ptyk9PzQBMeJOhizQMZ9kwP8 ;
MsgType : news ;
ArticleCount : 1 ;
Articles : Array ;

2015-09-07 14:11:23 trace :
------------
Array:
from : o841ptyk9PzQBMeJOhizQMZ9kwP8 ;
to : gh_1d96b7817eb3 ;
time : 1441606283 ;
type : trace ;
event : LOCATION ;
tousername : gh_1d96b7817eb3 ;
fromusername : o841ptyk9PzQBMeJOhizQMZ9kwP8 ;
createtime : 1441606283 ;
msgtype : event ;
latitude : 28.760078 ;
longitude : 115.877190 ;
precision : 30.000000 ;
location_x : 28.760078 ;
location_y : 115.877190 ;

2015-09-07 14:11:23 params :
------------
Array:
message : Array ;
module : default ;
rule : -1 ;

2015-09-07 14:11:23 response :
------------
Array:
errno : -1 ;
message : Invaild value ;

2015-09-07 14:21:17 trace :
------------
Array:
from : o841pt-0vtmA-hLbTW5yY01dhluc ;
to : gh_1d96b7817eb3 ;
time : 1441606876 ;
type : trace ;
event : LOCATION ;
tousername : gh_1d96b7817eb3 ;
fromusername : o841pt-0vtmA-hLbTW5yY01dhluc ;
createtime : 1441606876 ;
msgtype : event ;
latitude : 28.760393 ;
longitude : 115.877251 ;
precision : 70.000000 ;
location_x : 28.760393 ;
location_y : 115.877251 ;

2015-09-07 14:21:17 params :
------------
Array:
message : Array ;
module : default ;
rule : -1 ;

2015-09-07 14:21:17 response :
------------
Array:
errno : -1 ;
message : Invaild value ;

2015-09-07 14:22:52 trace :
------------
Array:
from : o841pt-0vtmA-hLbTW5yY01dhluc ;
to : gh_1d96b7817eb3 ;
time : 1441606972 ;
type : trace ;
event : LOCATION ;
tousername : gh_1d96b7817eb3 ;
fromusername : o841pt-0vtmA-hLbTW5yY01dhluc ;
createtime : 1441606972 ;
msgtype : event ;
latitude : 28.760546 ;
longitude : 115.877274 ;
precision : 90.000000 ;
location_x : 28.760546 ;
location_y : 115.877274 ;

2015-09-07 14:22:52 params :
------------
Array:
message : Array ;
module : default ;
rule : -1 ;

2015-09-07 14:22:52 response :
------------
Array:
errno : -1 ;
message : Invaild value ;

2015-09-07 14:29:11 trace :
------------
Array:
from : o841ptyk9PzQBMeJOhizQMZ9kwP8 ;
to : gh_1d96b7817eb3 ;
time : 1441607351 ;
type : event ;
event : VIEW ;
tousername : gh_1d96b7817eb3 ;
fromusername : o841ptyk9PzQBMeJOhizQMZ9kwP8 ;
createtime : 1441607351 ;
msgtype : event ;
eventkey : http://120.24.51.49/app/index.php?i=2&c=entry&do=index&m=wei_ktv ;

2015-09-07 14:29:11 params :
------------
Array:
rule : -2 ;
module :  ;
message : Array ;

2015-09-07 14:29:11 response :
------------

